This is pdfTeX, Version 3.1415926-1.40.10 (MiKTeX 2.8) (preloaded format=pdflatex 2010.3.3)  3 MAR 2010 20:29
entering extended mode
**I:/download/IEEEtran/bare_jrnl_compsoc.tex
(I:/download/IEEEtran/bare_jrnl_compsoc.tex
LaTeX2e <2009/09/24>
Babel <v3.8l> and hyphenation patterns for english, dumylang, nohyphenation, ge
rman, ngerman, german-x-2009-06-19, ngerman-x-2009-06-19, french, loaded.
(I:\download\IEEEtran\IEEEtran.cls
Document Class: IEEEtran 2007/03/05 V1.7a by Michael Shell
-- See the "IEEEtran_HOWTO" manual for usage information.
-- http://www.michaelshell.org/tex/ieeetran/
\@IEEEtrantmpdimenA=\dimen102
\@IEEEtrantmpdimenB=\dimen103
\@IEEEtrantmpcountA=\count79
\@IEEEtrantmpcountB=\count80
\@IEEEtrantmptoksA=\toks14
-- Using IEEE Computer Society mode.
LaTeX Font Info:    Try loading font information for OT1+ppl on input line 366.

("d:\xp\MiKTeX 2.8\tex\latex\psnfss\ot1ppl.fd"
File: ot1ppl.fd 2001/06/04 font definitions for OT1/ppl.
)
-- Using 8.5in x 11in (letter) paper.
-- Using PDF output.
\@IEEEnormalsizeunitybaselineskip=\dimen104
-- This is a 12 point document.
\CLASSINFOnormalsizebaselineskip=\dimen105
\CLASSINFOnormalsizeunitybaselineskip=\dimen106
\IEEEnormaljot=\dimen107
LaTeX Font Info:    Font shape `OT1/ppl/bx/n' in size <6> not available
(Font)              Font shape `OT1/ppl/b/n' tried instead on input line 724.
LaTeX Font Info:    Font shape `OT1/ppl/bx/it' in size <6> not available
(Font)              Font shape `OT1/ppl/b/it' tried instead on input line 724.
LaTeX Font Info:    Font shape `OT1/ppl/bx/n' in size <8> not available
(Font)              Font shape `OT1/ppl/b/n' tried instead on input line 724.
LaTeX Font Info:    Font shape `OT1/ppl/bx/it' in size <8> not available
(Font)              Font shape `OT1/ppl/b/it' tried instead on input line 724.
LaTeX Font Info:    Font shape `OT1/ppl/bx/n' in size <9> not available
(Font)              Font shape `OT1/ppl/b/n' tried instead on input line 724.
LaTeX Font Info:    Font shape `OT1/ppl/bx/it' in size <9> not available
(Font)              Font shape `OT1/ppl/b/it' tried instead on input line 724.
LaTeX Font Info:    Font shape `OT1/ppl/bx/n' in size <10> not available
(Font)              Font shape `OT1/ppl/b/n' tried instead on input line 724.
LaTeX Font Info:    Font shape `OT1/ppl/bx/it' in size <10> not available
(Font)              Font shape `OT1/ppl/b/it' tried instead on input line 724.
LaTeX Font Info:    Font shape `OT1/ppl/bx/n' in size <12> not available
(Font)              Font shape `OT1/ppl/b/n' tried instead on input line 724.
LaTeX Font Info:    Font shape `OT1/ppl/bx/it' in size <12> not available
(Font)              Font shape `OT1/ppl/b/it' tried instead on input line 724.
LaTeX Font Info:    Font shape `OT1/ppl/bx/n' in size <14> not available
(Font)              Font shape `OT1/ppl/b/n' tried instead on input line 724.
LaTeX Font Info:    Font shape `OT1/ppl/bx/it' in size <14> not available
(Font)              Font shape `OT1/ppl/b/it' tried instead on input line 724.
LaTeX Font Info:    Font shape `OT1/ppl/bx/n' in size <20> not available
(Font)              Font shape `OT1/ppl/b/n' tried instead on input line 724.
LaTeX Font Info:    Font shape `OT1/ppl/bx/it' in size <20> not available
(Font)              Font shape `OT1/ppl/b/it' tried instead on input line 724.
LaTeX Font Info:    Font shape `OT1/ppl/bx/n' in size <22> not available
(Font)              Font shape `OT1/ppl/b/n' tried instead on input line 724.
LaTeX Font Info:    Font shape `OT1/ppl/bx/it' in size <22> not available
(Font)              Font shape `OT1/ppl/b/it' tried instead on input line 724.
LaTeX Font Info:    Font shape `OT1/ppl/bx/n' in size <24> not available
(Font)              Font shape `OT1/ppl/b/n' tried instead on input line 724.
LaTeX Font Info:    Font shape `OT1/ppl/bx/it' in size <24> not available
(Font)              Font shape `OT1/ppl/b/it' tried instead on input line 724.
\IEEEilabelindentA=\dimen108
\IEEEilabelindentB=\dimen109
\IEEEilabelindent=\dimen110
\IEEEelabelindent=\dimen111
\IEEEdlabelindent=\dimen112
\IEEElabelindent=\dimen113
\IEEEiednormlabelsep=\dimen114
\IEEEiedmathlabelsep=\dimen115
\IEEEiedtopsep=\skip41
\c@section=\count81
\c@subsection=\count82
\c@subsubsection=\count83
\c@paragraph=\count84
\c@IEEEsubequation=\count85
\abovecaptionskip=\skip42
\belowcaptionskip=\skip43
\c@figure=\count86
\c@table=\count87
\@IEEEeqnnumcols=\count88
\@IEEEeqncolcnt=\count89
\@IEEEtmpitemindent=\dimen116
\c@IEEEbiography=\count90
\@IEEEtranrubishbin=\box26
) (I:\download\IEEEtran\bare_jrnl_compsoc.aux)
LaTeX Font Info:    Checking defaults for OML/cmm/m/it on input line 426.
LaTeX Font Info:    ... okay on input line 426.
LaTeX Font Info:    Checking defaults for T1/cmr/m/n on input line 426.
LaTeX Font Info:    ... okay on input line 426.
LaTeX Font Info:    Checking defaults for OT1/cmr/m/n on input line 426.
LaTeX Font Info:    ... okay on input line 426.
LaTeX Font Info:    Checking defaults for OMS/cmsy/m/n on input line 426.
LaTeX Font Info:    ... okay on input line 426.
LaTeX Font Info:    Checking defaults for OMX/cmex/m/n on input line 426.
LaTeX Font Info:    ... okay on input line 426.
LaTeX Font Info:    Checking defaults for U/cmr/m/n on input line 426.
LaTeX Font Info:    ... okay on input line 426.
LaTeX Font Info:    Try loading font information for OT1+phv on input line 543.


("d:\xp\MiKTeX 2.8\tex\latex\psnfss\ot1phv.fd"
File: ot1phv.fd 2001/06/04 scalable font definitions for OT1/phv.
)
LaTeX Font Info:    Font shape `OT1/phv/m/it' in size <14> not available
(Font)              Font shape `OT1/phv/m/sl' tried instead on input line 543.
LaTeX Font Info:    Font shape `OT1/phv/bx/n' in size <9> not available
(Font)              Font shape `OT1/phv/b/n' tried instead on input line 543.
LaTeX Font Info:    External font `cmex10' loaded for size
(Font)              <9> on input line 543.
LaTeX Font Info:    External font `cmex10' loaded for size
(Font)              <6> on input line 543.
LaTeX Font Info:    External font `cmex10' loaded for size
(Font)              <5> on input line 543.
LaTeX Font Info:    Calculating math sizes for size <14> on input line 543.
LaTeX Font Info:    External font `cmex10' loaded for size
(Font)              <14> on input line 543.
LaTeX Font Info:    External font `cmex10' loaded for size
(Font)              <9.79996> on input line 543.
LaTeX Font Info:    External font `cmex10' loaded for size
(Font)              <7> on input line 543.
LaTeX Font Info:    Try loading font information for U+pzd on input line 543.

("d:\xp\MiKTeX 2.8\tex\latex\psnfss\upzd.fd"
File: upzd.fd 2001/06/04 font definitions for U/pzd.
)
LaTeX Font Info:    Font shape `OT1/phv/bx/n' in size <14> not available
(Font)              Font shape `OT1/phv/b/n' tried instead on input line 570.
LaTeX Font Info:    Font shape `OT1/phv/bx/sc' in size <14> not available
(Font)              Font shape `OT1/phv/b/sc' tried instead on input line 570.
LaTeX Font Info:    External font `cmex10' loaded for size
(Font)              <12> on input line 608.
LaTeX Font Info:    External font `cmex10' loaded for size
(Font)              <8> on input line 608.
LaTeX Font Info:    Font shape `OT1/phv/bx/n' in size <12> not available
(Font)              Font shape `OT1/phv/b/n' tried instead on input line 618.
LaTeX Font Info:    Font shape `OT1/phv/m/it' in size <12> not available
(Font)              Font shape `OT1/phv/m/sl' tried instead on input line 624.
 [1{C:/Dokumente und Einstellungen/All Users/Anwendungsdaten/MiKTeX/2.8/pdftex/
config/pdftex.map}


]
(I:\download\IEEEtran\bare_jrnl_compsoc.aux) ) 
Here is how much of TeX's memory you used:
 1020 strings out of 495285
 17322 string characters out of 3181281
 63815 words of memory out of 3000000
 4257 multiletter control sequences out of 15000+200000
 49191 words of font info for 99 fonts, out of 3000000 for 9000
 17 hyphenation exceptions out of 8191
 28i,8n,28p,219b,352s stack positions out of 5000i,500n,10000p,200000b,50000s
{d:/xp/MiKTeX 2.8/fonts/enc/dvips
/fontname/8r.enc}<d:/xp/MiKTeX 2.8/fonts/type1/public/amsfonts/cm/cmsy9.pfb><d:
/xp/MiKTeX 2.8/fonts/type1/urw/helvetic/uhvb8a.pfb><d:/xp/MiKTeX 2.8/fonts/type
1/urw/helvetic/uhvr8a.pfb><d:/xp/MiKTeX 2.8/fonts/type1/urw/helvetic/uhvro8a.pf
b><d:/xp/MiKTeX 2.8/fonts/type1/urw/palatino/uplr8a.pfb><d:/xp/MiKTeX 2.8/fonts
/type1/urw/palatino/uplri8a.pfb><d:/xp/MiKTeX 2.8/fonts/type1/urw/zapfding/uzdr
.pfb>
Output written on bare_jrnl_compsoc.pdf (1 page, 77263 bytes).
PDF statistics:
 35 PDF objects out of 1000 (max. 8388607)
 0 named destinations out of 1000 (max. 500000)
 1 words of extra memory for PDF output out of 10000 (max. 10000000)

