This is pdfeTeX, Version 3.141592-1.21a-2.2 (MiKTeX 2.4) (preloaded format=latex 2007.7.20)  27 JAN 2009 14:34
entering extended mode
**C:/Dokumente*und*Einstellungen/uebungen/Desktop/CUDA/Ausarbeitung270109/CUDA.tex
(C:/Dokumente und Einstellungen/uebungen/Desktop/CUDA/Ausarbeitung270109/CUDA.tex
LaTeX2e <2005/12/01>
Babel <v3.8g> and hyphenation patterns for english, dumylang, nohyphenation, german, ngerman, french, loaded.
(IEEEtran.cls
Document Style `IEEEtran' <30-August-1993>.
Upgraded to `IEEEtran.cls' <10-Jan.-1996> !PN
Rev. <15-May.-1996> !PN
(C:\texmf\tex\latex\tools\rawfonts.sty
Package: rawfonts 1994/05/08 Low-level LaTeX 2.09 font compatibility
 (C:\texmf\tex\latex\tools\somedefs.sty
Package: somedefs 1994/06/01 v0.03 Toolkit for optional definitions
)
LaTeX Font Info:    Try loading font information for U+lasy on input line 44.
 (C:\texmf\tex\latex\base\ulasy.fd
File: ulasy.fd 1998/08/17 v2.2e LaTeX symbol font definitions
))
(C:\texmf\tex\latex\base\oldlfont.sty
Package: oldlfont 1994/11/29 v2.2k Standard LaTeX package
 (C:\texmf\tex\latex\base\tracefnt.sty
Package: tracefnt 1997/05/29 v3.0j Standard LaTeX package (font tracing)
\tracingfonts=\count79
LaTeX Info: Redefining \selectfont on input line 101.
)
\symbold=\mathgroup4
\symsans=\mathgroup5
\symtypewriter=\mathgroup6
\symitalic=\mathgroup7
\symsmallcaps=\mathgroup8
\symslanted=\mathgroup9
LaTeX Font Info:    Redeclaring math alphabet \mathbf on input line 71.
LaTeX Font Info:    Redeclaring math alphabet \mathsf on input line 72.
LaTeX Font Info:    Redeclaring math alphabet \mathtt on input line 73.
LaTeX Font Info:    Redeclaring math alphabet \mathit on input line 79.
LaTeX Info: Redefining \em on input line 89.
 (C:\texmf\tex\latex\base\latexsym.sty
Package: latexsym 1998/08/17 v2.2e Standard LaTeX package (lasy symbols)
\symlasy=\mathgroup10
LaTeX Font Info:    Overwriting symbol font `lasy' in version `bold'
(Font)                  U/lasy/m/n --> U/lasy/b/n on input line 47.
))
-- This is a 10 point document
\tmpitemindent=\dimen102
\c@section=\count80
\c@subsection=\count81
\c@subsubsection=\count82
\c@paragraph=\count83
\captionindent=\skip41
\c@figure=\count84
\c@table=\count85
) (C:\texmf\tex\latex\base\inputenc.sty
Package: inputenc 2006/05/05 v1.1b Input encoding file
\inpenc@prehook=\toks14
\inpenc@posthook=\toks15
 (C:\texmf\tex\latex\base\ansinew.def
File: ansinew.def 2006/05/05 v1.1b Input encoding file
)) (CUDA.aux)
LaTeX Font Info:    Checking defaults for OML/cmm/m/it on input line 16.
LaTeX Font Info:    ... okay on input line 16.
LaTeX Font Info:    Checking defaults for T1/cmr/m/n on input line 16.
LaTeX Font Info:    ... okay on input line 16.
LaTeX Font Info:    Checking defaults for OT1/cmr/m/n on input line 16.
LaTeX Font Info:    ... okay on input line 16.
LaTeX Font Info:    Checking defaults for OMS/cmsy/m/n on input line 16.
LaTeX Font Info:    ... okay on input line 16.
LaTeX Font Info:    Checking defaults for OMX/cmex/m/n on input line 16.
LaTeX Font Info:    ... okay on input line 16.
LaTeX Font Info:    Checking defaults for U/cmr/m/n on input line 16.
LaTeX Font Info:    ... okay on input line 16.
LaTeX Font Info:    External font `cmex10' loaded for size
(Font)              <7> on input line 20.
LaTeX Font Info:    External font `cmex10' loaded for size
(Font)              <5> on input line 20.
 [1{psfonts.map}


]
LaTeX Font Info:    External font `cmex10' loaded for size
(Font)              <8> on input line 37.
LaTeX Font Info:    External font `cmex10' loaded for size
(Font)              <6> on input line 37.

Underfull \hbox (badness 1286) in paragraph at lines 39--41
[]\OT1/cmr/m/it/8 Abstract\OT1/cmr/bx/n/8 ---$ $ Das Pro-jekt "`Wis-senschaftliches Pro-gram-
 []


Underfull \hbox (badness 1168) in paragraph at lines 45--48
\OT1/cmr/m/n/10 zu beobachten. Deren Prozes-soren sind da-rauf aus-
 []


Overfull \hbox (15.80972pt too wide) in paragraph at lines 55--59
[]\OT1/cmr/m/n/10 Die \OT1/cmr/bx/n/10 C\OT1/cmr/m/n/10 ompute \OT1/cmr/bx/n/10 U\OT1/cmr/m/n/10 nified \OT1/cmr/bx/n/10
 D\OT1/cmr/m/n/10 evice \OT1/cmr/bx/n/10 A\OT1/cmr/m/n/10 rchitecture des Grafikkarten-
 []


Underfull \hbox (badness 10000) in paragraph at lines 55--59

 []


Underfull \vbox (badness 6188) has occurred while \output is active []


Underfull \hbox (badness 10000) in paragraph at lines 70--73

 []

[2

] (CUDA.aux) ) 
Here is how much of TeX's memory you used:
 542 strings out of 95492
 5744 string characters out of 1189262
 52536 words of memory out of 1051628
 3651 multiletter control sequences out of 60000
 25710 words of font info for 95 fonts, out of 1000000 for 2000
 14 hyphenation exceptions out of 8191
 30i,5n,24p,827b,143s stack positions out of 5000i,500n,10000p,200000b,32768s
PDF statistics:
 18 PDF objects out of 300000
 0 named destinations out of 300000
 1 words of extra memory for PDF output out of 65536
 <C:\localtexmf\fonts\pk\ljfour\public\cm\dpi600\cmr6.pk> <C:\localtexmf\fonts\pk\ljfour\public\cm\dpi600\
cmti10.pk> <C:\localtexmf\fonts\pk\ljfour\public\cm\dpi600\cmbx10.pk> <C:\localtexmf\fonts\pk\ljfour\public\cm\dpi600\cm
r8.pk> <C:\localtexmf\fonts\pk\ljfour\public\cm\dpi600\cmr10.pk> <C:\localtexmf\fonts\pk\ljfour\public\cm\dpi600\cmcsc10
.pk> <C:\localtexmf\fonts\pk\ljfour\public\cm\dpi600\cmbx8.pk> <C:\localtexmf\fonts\pk\ljfour\public\cm\dpi600\cmti8.pk>
 <C:\localtexmf\fonts\pk\ljfour\public\cm\dpi600\cmr12.pk> <C:\localtexmf\fonts\pk\ljfour\public\cm\dpi864\cmr17.pk> <C:
\localtexmf\fonts\pk\ljfour\public\cm\dpi600\cmr7.pk>
Output written on CUDA.pdf (2 pages, 108543 bytes).
