This is pdfTeX, Version 3.1415926-1.40.10 (MiKTeX 2.8) (preloaded format=pdflatex 2010.3.3)  5 MAR 2010 16:32
entering extended mode
**E:/Data/leher/project/CUDA/achim/xby/xby/dreieck_code.tex
(E:/Data/leher/project/CUDA/achim/xby/xby/dreieck_code.tex
LaTeX2e <2009/09/24>
Babel <v3.8l> and hyphenation patterns for english, dumylang, nohyphenation, ge
rman, ngerman, german-x-2009-06-19, ngerman-x-2009-06-19, french, loaded.

! LaTeX Error: Missing \begin{document}.

See the LaTeX manual or LaTeX Companion for explanation.
Type  H <return>  for immediate help.
 ...                                              
                                                  
l.2 \begin{verbatim}
                    
You're in trouble here.  Try typing  <return>  to proceed.
If that doesn't work, type  X <return>  to quit.


Overfull \hbox (20.0pt too wide) in paragraph at lines 2--2
[] 
 []


Overfull \hbox (99.74913pt too wide) in paragraph at lines 18--18
[]\OT1/cmtt/m/n/10 #define BLOCK_EXP 9[] 
 []


Overfull \hbox (188.99835pt too wide) in paragraph at lines 18--18
[]\OT1/cmtt/m/n/10 #define DEF_BLOCKSIZE 1 << BLOCK_EXP[] 
 []


Overfull \hbox (89.24922pt too wide) in paragraph at lines 18--18
[]\OT1/cmtt/m/n/10 short offset = 1;[] 
 []


Overfull \hbox (199.49826pt too wide) in paragraph at lines 18--18
[]\OT1/cmtt/m/n/10 for (short i = 1;i < BLOCK_EXP; i++) {[] 
 []


Overfull \hbox (120.74895pt too wide) in paragraph at lines 18--18
[]    \OT1/cmtt/m/n/10 short old = offset;[] 
 []


Overfull \hbox (89.24922pt too wide) in paragraph at lines 18--18
[]    \OT1/cmtt/m/n/10 offset <<= 1;[] 
 []


Overfull \hbox (194.2483pt too wide) in paragraph at lines 18--18
[]    \OT1/cmtt/m/n/10 if (threadIdx.x \% offset == 0) {[] 
 []


Overfull \hbox (215.24812pt too wide) in paragraph at lines 18--18
[]        \OT1/cmtt/m/n/10 Vs[threadIdx.x] += Vs[threadIdx.x[] 
 []


Overfull \hbox (83.99927pt too wide) in paragraph at lines 18--18
[]         \OT1/cmtt/m/n/10 + old];[] 
 []


Overfull \hbox (26.24977pt too wide) in paragraph at lines 18--18
[]    \OT1/cmtt/m/n/10 }[] 
 []


Overfull \hbox (104.99908pt too wide) in paragraph at lines 18--18
[]    \OT1/cmtt/m/n/10 __syncthreads();[] 
 []


Overfull \hbox (5.24995pt too wide) in paragraph at lines 18--18
[]\OT1/cmtt/m/n/10 }[] 
 []


Overfull \hbox (120.74895pt too wide) in paragraph at lines 18--18
[]\OT1/cmtt/m/n/10 if (threadIdx.x == 0) {[] 
 []


Overfull \hbox (167.99854pt too wide) in paragraph at lines 18--18
[]    \OT1/cmtt/m/n/10 out[0] = Vs[0] + Vs[offset];[] 
 []


Overfull \hbox (5.24995pt too wide) in paragraph at lines 18--18
[]\OT1/cmtt/m/n/10 }[] 
 []

)
! Emergency stop.
<*> ...project/CUDA/achim/xby/xby/dreieck_code.tex
                                                  
*** (job aborted, no legal \end found)

 
Here is how much of TeX's memory you used:
 10 strings out of 495285
 260 string characters out of 3181281
 46037 words of memory out of 3000000
 3308 multiletter control sequences out of 15000+200000
 3808 words of font info for 15 fonts, out of 3000000 for 9000
 14 hyphenation exceptions out of 8191
 18i,1n,14p,102b,156s stack positions out of 5000i,500n,10000p,200000b,50000s
!  ==> Fatal error occurred, no output PDF file produced!
