This is pdfeTeX, Version 3.141592-1.21a-2.2 (MiKTeX 2.4) (preloaded format=latex 2007.7.20)  26 JAN 2009 09:48
entering extended mode
**C:/Dokumente*und*Einstellungen/uebungen/Desktop/CUDA/Ausarbeitung/Paper_Ausarbeitung_Beispiel.tex
(C:/Dokumente und Einstellungen/uebungen/Desktop/CUDA/Ausarbeitung/Paper_Ausarbeitung_Beispiel.tex
LaTeX2e <2005/12/01>
Babel <v3.8g> and hyphenation patterns for english, dumylang, nohyphenation, german, ngerman, french, loaded.
(IEEEtran.cls
Document Style `IEEEtran' <30-August-1993>.
Upgraded to `IEEEtran.cls' <10-Jan.-1996> !PN
Rev. <15-May.-1996> !PN
(C:\texmf\tex\latex\tools\rawfonts.sty
Package: rawfonts 1994/05/08 Low-level LaTeX 2.09 font compatibility
 (C:\texmf\tex\latex\tools\somedefs.sty
Package: somedefs 1994/06/01 v0.03 Toolkit for optional definitions
)
LaTeX Font Info:    Try loading font information for U+lasy on input line 44.
 (C:\texmf\tex\latex\base\ulasy.fd
File: ulasy.fd 1998/08/17 v2.2e LaTeX symbol font definitions
))
(C:\texmf\tex\latex\base\oldlfont.sty
Package: oldlfont 1994/11/29 v2.2k Standard LaTeX package
 (C:\texmf\tex\latex\base\tracefnt.sty
Package: tracefnt 1997/05/29 v3.0j Standard LaTeX package (font tracing)
\tracingfonts=\count79
LaTeX Info: Redefining \selectfont on input line 101.
)
\symbold=\mathgroup4
\symsans=\mathgroup5
\symtypewriter=\mathgroup6
\symitalic=\mathgroup7
\symsmallcaps=\mathgroup8
\symslanted=\mathgroup9
LaTeX Font Info:    Redeclaring math alphabet \mathbf on input line 71.
LaTeX Font Info:    Redeclaring math alphabet \mathsf on input line 72.
LaTeX Font Info:    Redeclaring math alphabet \mathtt on input line 73.
LaTeX Font Info:    Redeclaring math alphabet \mathit on input line 79.
LaTeX Info: Redefining \em on input line 89.
 (C:\texmf\tex\latex\base\latexsym.sty
Package: latexsym 1998/08/17 v2.2e Standard LaTeX package (lasy symbols)
\symlasy=\mathgroup10
LaTeX Font Info:    Overwriting symbol font `lasy' in version `bold'
(Font)                  U/lasy/m/n --> U/lasy/b/n on input line 47.
))
-- This is a 10 point document
\tmpitemindent=\dimen102
\c@section=\count80
\c@subsection=\count81
\c@subsubsection=\count82
\c@paragraph=\count83
\captionindent=\skip41
\c@figure=\count84
\c@table=\count85
) (C:\texmf\tex\latex\epsf\epsf.sty
This is `epsf.tex' v2.7.3 <23 July 2005>
\epsffilein=\read1
\epsfframemargin=\dimen103
\epsfframethickness=\dimen104
\epsfrsize=\dimen105
\epsftmp=\dimen106
\epsftsize=\dimen107
\epsfxsize=\dimen108
\epsfysize=\dimen109
\pspoints=\dimen110
) (./fit.sty) (./forms.sty)
No file Paper_Ausarbeitung_Beispiel.aux.
LaTeX Font Info:    Checking defaults for OML/cmm/m/it on input line 15.
LaTeX Font Info:    ... okay on input line 15.
LaTeX Font Info:    Checking defaults for T1/cmr/m/n on input line 15.
LaTeX Font Info:    ... okay on input line 15.
LaTeX Font Info:    Checking defaults for OT1/cmr/m/n on input line 15.
LaTeX Font Info:    ... okay on input line 15.
LaTeX Font Info:    Checking defaults for OMS/cmsy/m/n on input line 15.
LaTeX Font Info:    ... okay on input line 15.
LaTeX Font Info:    Checking defaults for OMX/cmex/m/n on input line 15.
LaTeX Font Info:    ... okay on input line 15.
LaTeX Font Info:    Checking defaults for U/cmr/m/n on input line 15.
LaTeX Font Info:    ... okay on input line 15.
LaTeX Font Info:    External font `cmex10' loaded for size
(Font)              <24.88> on input line 34.
LaTeX Font Info:    External font `cmex10' loaded for size
(Font)              <20.74> on input line 34.
LaTeX Font Info:    External font `cmex10' loaded for size
(Font)              <17.28> on input line 34.
LaTeX Font Info:    External font `cmex10' loaded for size
(Font)              <8> on input line 34.
LaTeX Font Info:    External font `cmex10' loaded for size
(Font)              <6> on input line 34.
LaTeX Font Info:    External font `cmex10' loaded for size
(Font)              <5> on input line 34.

LaTeX Warning: Citation `Hameyer' on page 1 undefined on input line 54.


LaTeX Warning: Citation `Kost' on page 1 undefined on input line 56.

LaTeX Font Info:    External font `cmex10' loaded for size
(Font)              <7> on input line 58.

LaTeX Warning: Citation `Weiland96e:01' on page 1 undefined on input line 63.


LaTeX Warning: Citation `RienenPinderWeiland96e:01' on page 1 undefined on input line 71.


LaTeX Warning: Citation `RienenPinderWeiland96e:01' on page 1 undefined on input line 73.

LaTeX Font Info:    Font shape `U/lasy/b/n' in size <7> not available
(Font)              Font shape `U/lasy/m/n' tried instead on input line 77.
LaTeX Font Info:    Font shape `U/lasy/b/n' in size <5> not available
(Font)              Font shape `U/lasy/m/n' tried instead on input line 77.

LaTeX Warning: Citation `Weiland96e:01' on page 1 undefined on input line 103.


LaTeX Warning: Reference `fig:1' on page 1 undefined on input line 109.

(e-fit.eps
! Could not open file e-fit.eps, ignoring it.
\epsfgetbb ...Could not open file #1, ignoring it}
                                                  \else {\chardef \other = 1...
l.114 \mbox{\epsfxsize=86mm\epsfbox{e-fit.eps}}
                                                \\[-5pt]
This error message was generated by an \errmessage
command, so I can't give any explicit help.
Pretend that you're Hercule Poirot: Examine all clues,
and deduce the truth by order and method.

)

LaTeX Warning: Citation `Weiland96e:01' on page 1 undefined on input line 137.


LaTeX Warning: Reference `eqn:3' on page 1 undefined on input line 141.


LaTeX Warning: Citation `Thoma:Weiland' on page 1 undefined on input line 143.


LaTeX Warning: Reference `eqn:3' on page 1 undefined on input line 152.


LaTeX Warning: Citation `Weiland96e:01' on page 1 undefined on input line 157.


LaTeX Warning: Reference `eqn:3' on page 1 undefined on input line 160.


LaTeX Warning: Reference `eqn:4' on page 1 undefined on input line 160.


LaTeX Warning: Reference `eqn:1' on page 1 undefined on input line 164.


LaTeX Warning: Reference `eqn:2' on page 1 undefined on input line 165.

[1{psfonts.map}


]

LaTeX Warning: Reference `fig:2' on page 2 undefined on input line 178.


LaTeX Warning: Reference `eqn:1' on page 2 undefined on input line 182.


LaTeX Warning: Reference `eqn:2' on page 2 undefined on input line 182.

(t-fit.eps
! Could not open file t-fit.eps, ignoring it.
\epsfgetbb ...Could not open file #1, ignoring it}
                                                  \else {\chardef \other = 1...
l.194 \mbox{\epsfxsize=86mm\epsfbox{t-fit.eps}}
                                                \\[-5pt]
(That was another \errmessage.)

)

LaTeX Warning: Reference `eqn:3' on page 2 undefined on input line 204.


LaTeX Warning: Reference `eqn:6' on page 2 undefined on input line 214.


LaTeX Warning: Reference `eqn:9' on page 2 undefined on input line 229.


LaTeX Warning: Citation `Pinder' on page 2 undefined on input line 230.


LaTeX Warning: Reference `eqn:8' on page 2 undefined on input line 232.

[2
Non-PDF special ignored!
Non-PDF special ignored!]

LaTeX Warning: Reference `eqn:9' on page 3 undefined on input line 235.


LaTeX Warning: Reference `eqn:10' on page 3 undefined on input line 247.


LaTeX Warning: Reference `eqn:3' on page 3 undefined on input line 258.


LaTeX Warning: Reference `eqn:6' on page 3 undefined on input line 258.


LaTeX Warning: Reference `eqn:7' on page 3 undefined on input line 259.


LaTeX Warning: Reference `eqn:9' on page 3 undefined on input line 259.


LaTeX Warning: Reference `fig:3' on page 3 undefined on input line 270.

(diagram.eps
! Could not open file diagram.eps, ignoring it.
\epsfgetbb ...Could not open file #1, ignoring it}
                                                  \else {\chardef \other = 1...
l.276 \mbox{\epsfxsize=85mm\epsfbox{diagram.eps}}
                                                  \\[-5pt]
(That was another \errmessage.)

)

LaTeX Warning: Reference `fig:4' on page 3 undefined on input line 285.

(cavity.eps
! Could not open file cavity.eps, ignoring it.
\epsfgetbb ...Could not open file #1, ignoring it}
                                                  \else {\chardef \other = 1...
l.290 \mbox{\epsfxsize=86mm\epsfbox{cavity.eps}}
                                                 \\[-5pt]
(That was another \errmessage.)

)

LaTeX Warning: Citation `Jackson:01' on page 3 undefined on input line 298.


LaTeX Warning: Citation `Jackson:02' on page 3 undefined on input line 298.


LaTeX Warning: Citation `Jackson:01' on page 3 undefined on input line 303.


LaTeX Warning: Citation `Jackson:02' on page 3 undefined on input line 303.


LaTeX Warning: Citation `Fukushima' on page 3 undefined on input line 311.


LaTeX Warning: Reference `fig:5' on page 3 undefined on input line 313.


LaTeX Warning: Reference `fig:7' on page 3 undefined on input line 313.


LaTeX Warning: Reference `fig:5' on page 3 undefined on input line 314.


LaTeX Warning: Reference `fig:6' on page 3 undefined on input line 317.


LaTeX Warning: Reference `fig:7' on page 3 undefined on input line 318.


LaTeX Warning: Citation `Jackson:01' on page 3 undefined on input line 322.


LaTeX Warning: Citation `Pinder' on page 3 undefined on input line 322.

(t-center.eps
! Could not open file t-center.eps, ignoring it.
\epsfgetbb ...Could not open file #1, ignoring it}
                                                  \else {\chardef \other = 1...
l.325 \mbox{\epsfxsize=68mm\epsfbox{t-center.eps}}
                                                   \\[-5pt]
(That was another \errmessage.)

)
(t-error.eps
! Could not open file t-error.eps, ignoring it.
\epsfgetbb ...Could not open file #1, ignoring it}
                                                  \else {\chardef \other = 1...
l.331 \mbox{\epsfxsize=68mm\epsfbox{t-error.eps}}
                                                  \\[-5pt]
(That was another \errmessage.)

)
(e-rod.eps
! Could not open file e-rod.eps, ignoring it.
\epsfgetbb ...Could not open file #1, ignoring it}
                                                  \else {\chardef \other = 1...
l.337 \mbox{\epsfxsize=68mm\epsfbox{e-rod.eps}}
                                                \\[-5pt]
(That was another \errmessage.)

)

LaTeX Warning: Reference `fig:8' on page 3 undefined on input line 345.


LaTeX Warning: Citation `Ma' on page 3 undefined on input line 351.

(oven.eps
! Could not open file oven.eps, ignoring it.
\epsfgetbb ...Could not open file #1, ignoring it}
                                                  \else {\chardef \other = 1...
l.354 \mbox{\epsfxsize=85mm\epsfbox{oven.eps}}
                                               \\[-5pt]
(That was another \errmessage.)

)

LaTeX Warning: Reference `fig:3' on page 3 undefined on input line 366.

[3
Non-PDF special ignored!]

LaTeX Warning: Reference `fig:9' on page 4 undefined on input line 369.


LaTeX Warning: Reference `fig:9' on page 4 undefined on input line 370.

(t-oven.eps
! Could not open file t-oven.eps, ignoring it.
\epsfgetbb ...Could not open file #1, ignoring it}
                                                  \else {\chardef \other = 1...
l.377 \mbox{\epsfxsize=85mm\epsfbox{t-oven.eps}}
                                                 \\[-5pt]
(That was another \errmessage.)

)

LaTeX Warning: Reference `fig:10' on page 4 undefined on input line 384.

(uncoupled.eps
! Could not open file uncoupled.eps, ignoring it.
\epsfgetbb ...Could not open file #1, ignoring it}
                                                  \else {\chardef \other = 1...
l.391 ...x{\epsfxsize=62mm\epsfbox{uncoupled.eps}}
                                                   \\[-5pt]
(That was another \errmessage.)

)

Underfull \vbox (badness 10000) has occurred while \output is active []

 [4
Non-PDF special ignored!
Non-PDF special ignored!] [5
Non-PDF special ignored!
Non-PDF special ignored!
Non-PDF special ignored!] [6
Non-PDF special ignored!
Non-PDF special ignored!

] (Paper_Ausarbeitung_Beispiel.aux)

LaTeX Warning: There were undefined references.


LaTeX Warning: Label(s) may have changed. Rerun to get cross-references right.

 ) 
Here is how much of TeX's memory you used:
 751 strings out of 95492
 7497 string characters out of 1189262
 59129 words of memory out of 1052589
 3826 multiletter control sequences out of 60000
 33406 words of font info for 122 fonts, out of 1000000 for 2000
 14 hyphenation exceptions out of 8191
 30i,17n,24p,534b,247s stack positions out of 5000i,500n,10000p,200000b,32768s
PDF statistics:
 42 PDF objects out of 300000
 0 named destinations out of 300000
 1 words of extra memory for PDF output out of 65536
 <C:\localtexmf\fonts\pk\ljfour\public\cm\dpi600\cmsy6.pk> <C:\localtexmf\fonts\pk\ljfour\public\cm\dpi600\cmr6.pk> <C
:\localtexmf\fonts\pk\ljfour\public\cm\dpi600\cmsy7.pk> <C:\localtexmf\fonts\pk\ljfour\public\cm\dpi600\cmsy8.pk> <C:\lo
caltexmf\fonts\pk\ljfour\public\cm\dpi600\cmmi6.pk> <C:\localtexmf\fonts\pk\ljfour\public\cm\dpi600\cmmi8.pk> <C:\localt
exmf\fonts\pk\ljfour\public\cm\dpi600\cmmi5.pk> <C:\localtexmf\fonts\pk\ljfour\public\cm\dpi600\cmex10.pk> <C:\localtexm
f\fonts\pk\ljfour\public\cm\dpi600\cmr8.pk> <C:\localtexmf\fonts\pk\ljfour\public\cm\dpi600\cmmi7.pk> <C:\localtexmf\fon
ts\pk\ljfour\public\cm\dpi600\cmsy10.pk> <C:\localtexmf\fonts\pk\ljfour\public\cm\dpi600\cmmib10.pk> <C:\localtexmf\font
s\pk\ljfour\public\cm\dpi600\cmr5.pk> <C:\localtexmf\fonts\pk\ljfour\public\cm\dpi600\cmmi10.pk> <C:\localtexmf\fonts\pk
\ljfour\public\cm\dpi600\cmbx10.pk> <C:\localtexmf\fonts\pk\ljfour\public\cm\dpi600\cmr10.pk> <C:\localtexmf\fonts\pk\lj
four\public\cm\dpi600\cmcsc10.pk> <C:\localtexmf\fonts\pk\ljfour\public\cm\dpi600\cmbx8.pk> <C:\localtexmf\fonts\pk\ljfo
ur\public\cm\dpi600\cmti8.pk> <C:\localtexmf\fonts\pk\ljfour\public\cm\dpi600\cmr12.pk> <C:\localtexmf\fonts\pk\ljfour\p
ublic\cm\dpi864\cmr17.pk> <C:\localtexmf\fonts\pk\ljfour\public\cm\dpi600\cmti7.pk> <C:\localtexmf\fonts\pk\ljfour\publi
c\cm\dpi600\cmr7.pk>
Output written on Paper_Ausarbeitung_Beispiel.pdf (6 pages, 160519 bytes).
